flutter_frontend/build/app/intermediates/manifest_merge_blame_file/debug/processDebugMainManifest/manifest-merger-blame-debug-report.txt
1<?xml version="1.0" encoding="utf-8"?>
2<manifest xmlns:android="http://schemas.android.com/apk/res/android"
3    package="com.example.flutter_application_2"
4    android:versionCode="1"
5    android:versionName="1.0.0" >
6
7    <uses-sdk
8        android:minSdkVersion="23"
9        android:targetSdkVersion="35" />
10    <!--
11         The INTERNET permission is required for development. Specifically,
12         the Flutter tool needs it to communicate with the running application
13         to allow setting breakpoints, to provide hot reload, etc.
14    -->
15    <uses-permission android:name="android.permission.INTERNET" />
15-->src/debug/AndroidManifest.xml:6:5-66
15-->src/debug/AndroidManifest.xml:6:22-64
16    <uses-permission android:name="android.permission.RECORD_AUDIO" /> <!-- Optional: Add this permission if you want to use bluetooth telephony device like headset/earbuds -->
16-->src/main/AndroidManifest.xml:2:5-71
16-->src/main/AndroidManifest.xml:2:22-68
17    <uses-permission android:name="android.permission.MODIFY_AUDIO_SETTINGS" /> <!-- Optional: Add this permission if you want to save your recordings in public folders -->
17-->src/main/AndroidManifest.xml:4:5-80
17-->src/main/AndroidManifest.xml:4:22-77
18    <uses-permission
18-->src/main/AndroidManifest.xml:6:5-81
19        android:name="android.permission.WRITE_EXTERNAL_STORAGE"
19-->src/main/AndroidManifest.xml:6:22-78
20        android:maxSdkVersion="28" />
20-->[:camera_android_camerax] AndroidManifest.xml:13:9-35
21    <!--
22 Required to query activities that can process text, see:
23         https://developer.android.com/training/package-visibility and
24         https://developer.android.com/reference/android/content/Intent#ACTION_PROCESS_TEXT.
25
26         In particular, this is used by the Flutter engine in io.flutter.plugin.text.ProcessTextPlugin.
27    -->
28    <queries>
28-->src/main/AndroidManifest.xml:47:5-52:15
29        <intent>
29-->src/main/AndroidManifest.xml:48:9-51:18
30            <action android:name="android.intent.action.PROCESS_TEXT" />
30-->src/main/AndroidManifest.xml:49:13-72
30-->src/main/AndroidManifest.xml:49:21-70
31
32            <data android:mimeType="text/plain" />
32-->src/main/AndroidManifest.xml:50:13-50
32-->src/main/AndroidManifest.xml:50:19-48
33        </intent>
34    </queries>
35
36    <uses-feature android:name="android.hardware.camera.any" />
36-->[:camera_android_camerax] AndroidManifest.xml:7:5-64
36-->[:camera_android_camerax] AndroidManifest.xml:7:19-61
37
38    <uses-permission android:name="android.permission.CAMERA" />
38-->[:camera_android_camerax] AndroidManifest.xml:9:5-65
38-->[:camera_android_camerax] AndroidManifest.xml:9:22-62
39    <uses-permission android:name="android.permission.READ_EXTERNAL_STORAGE" />
40    <uses-permission android:name="android.permission.ACCESS_NETWORK_STATE" />
40-->[androidx.media3:media3-common:1.4.1] AndroidManifest.xml:22:5-79
40-->[androidx.media3:media3-common:1.4.1] AndroidManifest.xml:22:22-76
41
42    <permission
42-->[androidx.core:core:1.13.1] AndroidManifest.xml:22:5-24:47
43        android:name="com.example.flutter_application_2.DYNAMIC_RECEIVER_NOT_EXPORTED_PERMISSION"
43-->[androidx.core:core:1.13.1] AndroidManifest.xml:23:9-81
44        android:protectionLevel="signature" />
44-->[androidx.core:core:1.13.1] AndroidManifest.xml:24:9-44
45
46    <uses-permission android:name="com.example.flutter_application_2.DYNAMIC_RECEIVER_NOT_EXPORTED_PERMISSION" /> <!-- <uses-permission android:name="android.permission.WRITE_EXTERNAL_STORAGE" android:maxSdkVersion="29" /> -->
46-->[androidx.core:core:1.13.1] AndroidManifest.xml:26:5-97
46-->[androidx.core:core:1.13.1] AndroidManifest.xml:26:22-94
47    <application
48        android:name="android.app.Application"
49        android:appComponentFactory="androidx.core.app.CoreComponentFactory"
49-->[androidx.core:core:1.13.1] AndroidManifest.xml:28:18-86
50        android:debuggable="true"
51        android:extractNativeLibs="false"
52        android:icon="@mipmap/ic_launcher"
53        android:label="flutter_application_2"
54        android:requestLegacyExternalStorage="true" >
55        <activity
56            android:name="com.example.flutter_application_2.MainActivity"
57            android:configChanges="orientation|keyboardHidden|keyboard|screenSize|smallestScreenSize|locale|layoutDirection|fontScale|screenLayout|density|uiMode"
58            android:exported="true"
59            android:hardwareAccelerated="true"
60            android:launchMode="singleTop"
61            android:taskAffinity=""
62            android:theme="@style/LaunchTheme"
63            android:windowSoftInputMode="adjustResize" >
64
65            <!--
66                 Specifies an Android theme to apply to this Activity as soon as
67                 the Android process has started. This theme is visible to the user
68                 while the Flutter UI initializes. After that, this theme continues
69                 to determine the Window background behind the Flutter UI.
70            -->
71            <meta-data
72                android:name="io.flutter.embedding.android.NormalTheme"
73                android:resource="@style/NormalTheme" />
74
75            <intent-filter>
76                <action android:name="android.intent.action.MAIN" />
77
78                <category android:name="android.intent.category.LAUNCHER" />
79            </intent-filter>
80        </activity>
81        <!--
82             Don't delete the meta-data below.
83             This is used by the Flutter tool to generate GeneratedPluginRegistrant.java
84        -->
85        <meta-data
86            android:name="flutterEmbedding"
87            android:value="2" />
88
89        <service
89-->[androidx.camera:camera-camera2:1.5.0-beta01] AndroidManifest.xml:24:9-33:19
90            android:name="androidx.camera.core.impl.MetadataHolderService"
90-->[androidx.camera:camera-camera2:1.5.0-beta01] AndroidManifest.xml:25:13-75
91            android:enabled="false"
91-->[androidx.camera:camera-camera2:1.5.0-beta01] AndroidManifest.xml:26:13-36
92            android:exported="false" >
92-->[androidx.camera:camera-camera2:1.5.0-beta01] AndroidManifest.xml:27:13-37
93            <meta-data
93-->[androidx.camera:camera-camera2:1.5.0-beta01] AndroidManifest.xml:30:13-32:89
94                android:name="androidx.camera.core.impl.MetadataHolderService.DEFAULT_CONFIG_PROVIDER"
94-->[androidx.camera:camera-camera2:1.5.0-beta01] AndroidManifest.xml:31:17-103
95                android:value="androidx.camera.camera2.Camera2Config$DefaultProvider" />
95-->[androidx.camera:camera-camera2:1.5.0-beta01] AndroidManifest.xml:32:17-86
96        </service>
97
98        <uses-library
98-->[androidx.window:window:1.2.0] AndroidManifest.xml:23:9-25:40
99            android:name="androidx.window.extensions"
99-->[androidx.window:window:1.2.0] AndroidManifest.xml:24:13-54
100            android:required="false" />
100-->[androidx.window:window:1.2.0] AndroidManifest.xml:25:13-37
101        <uses-library
101-->[androidx.window:window:1.2.0] AndroidManifest.xml:26:9-28:40
102            android:name="androidx.window.sidecar"
102-->[androidx.window:window:1.2.0] AndroidManifest.xml:27:13-51
103            android:required="false" />
103-->[androidx.window:window:1.2.0] AndroidManifest.xml:28:13-37
104
105        <provider
105-->[androidx.lifecycle:lifecycle-process:2.7.0] AndroidManifest.xml:24:9-32:20
106            android:name="androidx.startup.InitializationProvider"
106-->[androidx.lifecycle:lifecycle-process:2.7.0] AndroidManifest.xml:25:13-67
107            android:authorities="com.example.flutter_application_2.androidx-startup"
107-->[androidx.lifecycle:lifecycle-process:2.7.0] AndroidManifest.xml:26:13-68
108            android:exported="false" >
108-->[androidx.lifecycle:lifecycle-process:2.7.0] AndroidManifest.xml:27:13-37
109            <meta-data
109-->[androidx.lifecycle:lifecycle-process:2.7.0] AndroidManifest.xml:29:13-31:52
110                android:name="androidx.lifecycle.ProcessLifecycleInitializer"
110-->[androidx.lifecycle:lifecycle-process:2.7.0] AndroidManifest.xml:30:17-78
111                android:value="androidx.startup" />
111-->[androidx.lifecycle:lifecycle-process:2.7.0] AndroidManifest.xml:31:17-49
112            <meta-data
112-->[androidx.profileinstaller:profileinstaller:1.3.1] AndroidManifest.xml:29:13-31:52
113                android:name="androidx.profileinstaller.ProfileInstallerInitializer"
113-->[androidx.profileinstaller:profileinstaller:1.3.1] AndroidManifest.xml:30:17-85
114                android:value="androidx.startup" />
114-->[androidx.profileinstaller:profileinstaller:1.3.1] AndroidManifest.xml:31:17-49
115        </provider>
116
117        <receiver
117-->[androidx.profileinstaller:profileinstaller:1.3.1] AndroidManifest.xml:34:9-52:20
118            android:name="androidx.profileinstaller.ProfileInstallReceiver"
118-->[androidx.profileinstaller:profileinstaller:1.3.1] AndroidManifest.xml:35:13-76
119            android:directBootAware="false"
119-->[androidx.profileinstaller:profileinstaller:1.3.1] AndroidManifest.xml:36:13-44
120            android:enabled="true"
120-->[androidx.profileinstaller:profileinstaller:1.3.1] AndroidManifest.xml:37:13-35
121            android:exported="true"
121-->[androidx.profileinstaller:profileinstaller:1.3.1] AndroidManifest.xml:38:13-36
122            android:permission="android.permission.DUMP" >
122-->[androidx.profileinstaller:profileinstaller:1.3.1] AndroidManifest.xml:39:13-57
123            <intent-filter>
123-->[androidx.profileinstaller:profileinstaller:1.3.1] AndroidManifest.xml:40:13-42:29
124                <action android:name="androidx.profileinstaller.action.INSTALL_PROFILE" />
124-->[androidx.profileinstaller:profileinstaller:1.3.1] AndroidManifest.xml:41:17-91
124-->[androidx.profileinstaller:profileinstaller:1.3.1] AndroidManifest.xml:41:25-88
125            </intent-filter>
126            <intent-filter>
126-->[androidx.profileinstaller:profileinstaller:1.3.1] AndroidManifest.xml:43:13-45:29
127                <action android:name="androidx.profileinstaller.action.SKIP_FILE" />
127-->[androidx.profileinstaller:profileinstaller:1.3.1] AndroidManifest.xml:44:17-85
127-->[androidx.profileinstaller:profileinstaller:1.3.1] AndroidManifest.xml:44:25-82
128            </intent-filter>
129            <intent-filter>
129-->[androidx.profileinstaller:profileinstaller:1.3.1] AndroidManifest.xml:46:13-48:29
130                <action android:name="androidx.profileinstaller.action.SAVE_PROFILE" />
130-->[androidx.profileinstaller:profileinstaller:1.3.1] AndroidManifest.xml:47:17-88
130-->[androidx.profileinstaller:profileinstaller:1.3.1] AndroidManifest.xml:47:25-85
131            </intent-filter>
132            <intent-filter>
132-->[androidx.profileinstaller:profileinstaller:1.3.1] AndroidManifest.xml:49:13-51:29
133                <action android:name="androidx.profileinstaller.action.BENCHMARK_OPERATION" />
133-->[androidx.profileinstaller:profileinstaller:1.3.1] AndroidManifest.xml:50:17-95
133-->[androidx.profileinstaller:profileinstaller:1.3.1] AndroidManifest.xml:50:25-92
134            </intent-filter>
135        </receiver>
136    </application>
137
138</manifest>